<?xml version="1.0" encoding="UTF-8"?>
<testsuite name="Game.ModelTest.AdversaryTest" tests="2" skipped="0" failures="0" errors="0" timestamp="2021-04-30T15:50:54" hostname="ANGELINA" time="0.002">
  <properties/>
  <testcase name="makeMoveZombie" classname="Game.ModelTest.AdversaryTest" time="0.002"/>
  <testcase name="makeMoveGhost" classname="Game.ModelTest.AdversaryTest" time="0.0"/>
  <system-out><![CDATA[]]></system-out>
  <system-err><![CDATA[]]></system-err>
</testsuite>
