<?xml version="1.0" encoding="UTF-8"?>
<testsuite name="Game.AppTest" tests="3" skipped="0" failures="0" errors="0" timestamp="2021-04-30T15:50:54" hostname="ANGELINA" time="0.035">
  <properties/>
  <testcase name="checkHallwayBounds" classname="Game.AppTest" time="0.024"/>
  <testcase name="checkLevelItems" classname="Game.AppTest" time="0.01"/>
  <testcase name="checkRoomBounds" classname="Game.AppTest" time="0.0"/>
  <system-out><![CDATA[]]></system-out>
  <system-err><![CDATA[]]></system-err>
</testsuite>
